Arguments: 
  /usr/local/bin/node /usr/local/bin/yarn

PATH: 
  /usr/local/bin:/usr/bin:/bin:/usr/sbin:/sbin:/Applications/VMware Fusion.app/Contents/Public:/usr/local/mysql/bin

Yarn version: 
  1.22.4

Node version: 
  10.15.3

Platform: 
  darwin x64

Trace: 
  Error: https://registry.yarnpkg.com/lodash: ETIMEDOUT
      at Timeout._onTimeout (/usr/local/lib/node_modules/yarn/lib/cli.js:141408:19)
      at ontimeout (timers.js:436:11)
      at tryOnTimeout (timers.js:300:5)
      at listOnTimeout (timers.js:263:5)
      at Timer.processTimers (timers.js:223:10)

npm manifest: 
  {
    "name": "view",
    "version": "1.0.0",
    "description": "",
    "main": "webpack.config.js",
    "dependencies": {
      "lodash": "^4.17.15"
    },
    "devDependencies": {
      "clean-webpack-plugin": "^3.0.0",
      "css-loader": "^3.5.3",
      "file-loader": "^6.0.0",
      "html-webpack-plugin": "^4.3.0",
      "style-loader": "^1.2.1",
      "webpack": "^3.6.0"
    },
    "scripts": {
      "build": "webpack",
      "test": "echo \"Error: no test specified\" && exit 1"
    },
    "author": "",
    "license": "ISC"
  }

yarn manifest: 
  No manifest

Lockfile: 
  No lockfile
